[debug] [2021-04-03T23:54:45.198Z] ----------------------------------------------------------------------
[debug] [2021-04-03T23:54:45.200Z] Command:       /usr/local/bin/node /usr/local/bin/firebase serve
[debug] [2021-04-03T23:54:45.201Z] CLI Version:   9.3.0
[debug] [2021-04-03T23:54:45.201Z] Platform:      darwin
[debug] [2021-04-03T23:54:45.201Z] Node Version:  v15.12.0
[debug] [2021-04-03T23:54:45.203Z] Time:          Sat Apr 03 2021 16:54:45 GMT-0700 (Pacific Daylight Time)
[debug] [2021-04-03T23:54:45.204Z] ----------------------------------------------------------------------
[debug] [2021-04-03T23:54:45.204Z] 
[debug] [2021-04-03T23:54:45.219Z] > command requires scopes: ["email","openid","https://www.googleapis.com/auth/cloudplatformprojects.readonly","https://www.googleapis.com/auth/firebase","https://www.googleapis.com/auth/cloud-platform"]
[debug] [2021-04-03T23:54:45.220Z] > authorizing via signed-in user
[debug] [2021-04-03T23:54:45.220Z] [iam] checking project wellness-social for permissions ["firebase.projects.get"]
[debug] [2021-04-03T23:54:45.223Z] > refreshing access token with scopes: ["email","https://www.googleapis.com/auth/cloud-platform","https://www.googleapis.com/auth/cloudplatformprojects.readonly","https://www.googleapis.com/auth/firebase","openid"]
[debug] [2021-04-03T23:54:45.223Z] >>> HTTP REQUEST POST https://www.googleapis.com/oauth2/v3/token  
 <request body omitted>
[debug] [2021-04-03T23:54:45.595Z] <<< HTTP RESPONSE 200 {"expires":"Mon, 01 Jan 1990 00:00:00 GMT","pragma":"no-cache","date":"Sat, 03 Apr 2021 23:54:35 GMT","cache-control":"no-cache, no-store, max-age=0, must-revalidate","content-type":"application/json; charset=utf-8","vary":"X-Origin, Referer, Origin,Accept-Encoding","server":"scaffolding on HTTPServer2","x-xss-protection":"0","x-frame-options":"SAMEORIGIN","x-content-type-options":"nosniff","alt-svc":"h3-29=\":443\"; ma=2592000,h3-T051=\":443\"; ma=2592000,h3-Q050=\":443\"; ma=2592000,h3-Q046=\":443\"; ma=2592000,h3-Q043=\":443\"; ma=2592000,quic=\":443\"; ma=2592000; v=\"46,43\"","accept-ranges":"none","transfer-encoding":"chunked"}
[debug] [2021-04-03T23:54:45.627Z] >>> HTTP REQUEST POST https://cloudresourcemanager.googleapis.com/v1/projects/wellness-social:testIamPermissions  
 {"permissions":["firebase.projects.get"]}
[debug] [2021-04-03T23:54:46.670Z] <<< HTTP RESPONSE 200 {"content-type":"application/json; charset=UTF-8","vary":"X-Origin, Referer, Origin,Accept-Encoding","date":"Sat, 03 Apr 2021 23:54:35 GMT","server":"ESF","cache-control":"private","x-xss-protection":"0","x-frame-options":"SAMEORIGIN","x-content-type-options":"nosniff","server-timing":"gfet4t7; dur=48","alt-svc":"h3-29=\":443\"; ma=2592000,h3-T051=\":443\"; ma=2592000,h3-Q050=\":443\"; ma=2592000,h3-Q046=\":443\"; ma=2592000,h3-Q043=\":443\"; ma=2592000,quic=\":443\"; ma=2592000; v=\"46,43\"","accept-ranges":"none","transfer-encoding":"chunked"}
[debug] [2021-04-03T23:54:46.672Z] > refreshing access token with scopes: []
[debug] [2021-04-03T23:54:46.673Z] >>> HTTP REQUEST POST https://www.googleapis.com/oauth2/v3/token  
 <request body omitted>
[debug] [2021-04-03T23:54:47.077Z] <<< HTTP RESPONSE 200 {"date":"Sat, 03 Apr 2021 23:54:36 GMT","pragma":"no-cache","cache-control":"no-cache, no-store, max-age=0, must-revalidate","expires":"Mon, 01 Jan 1990 00:00:00 GMT","content-type":"application/json; charset=utf-8","vary":"X-Origin, Referer, Origin,Accept-Encoding","server":"scaffolding on HTTPServer2","x-xss-protection":"0","x-frame-options":"SAMEORIGIN","x-content-type-options":"nosniff","alt-svc":"h3-29=\":443\"; ma=2592000,h3-T051=\":443\"; ma=2592000,h3-Q050=\":443\"; ma=2592000,h3-Q046=\":443\"; ma=2592000,h3-Q043=\":443\"; ma=2592000,quic=\":443\"; ma=2592000; v=\"46,43\"","accept-ranges":"none","transfer-encoding":"chunked"}
[debug] [2021-04-03T23:54:47.101Z] >>> [apiv2][query] GET https://firebase.googleapis.com/v1beta1/projects/wellness-social [none]
[debug] [2021-04-03T23:54:47.996Z] <<< [apiv2][status] GET https://firebase.googleapis.com/v1beta1/projects/wellness-social 200
[debug] [2021-04-03T23:54:47.997Z] <<< [apiv2][body] GET https://firebase.googleapis.com/v1beta1/projects/wellness-social {"projectId":"wellness-social","projectNumber":"254592400660","displayName":"wellness-social","name":"projects/wellness-social","resources":{"hostingSite":"wellness-social","storageBucket":"wellness-social.appspot.com","locationId":"us-west3"},"state":"ACTIVE"}
[info] 
[info] === Serving from '/Users/royhernandez/projects/social-media-app'...
[info] 
[warn] ⚠  Your requested "node" version "12" doesn't match your global version "15" {"metadata":{"emulator":{"name":"functions"},"message":"Your requested \"node\" version \"12\" doesn't match your global version \"15\""}}
[debug] [2021-04-03T23:54:48.017Z] defaultcredentials: writing to file /Users/royhernandez/.config/firebase/r_gabehernandez_gmail.com_application_default_credentials.json
[debug] [2021-04-03T23:54:48.021Z] Setting GAC to /Users/royhernandez/.config/firebase/r_gabehernandez_gmail.com_application_default_credentials.json {"metadata":{"emulator":{"name":"functions"},"message":"Setting GAC to /Users/royhernandez/.config/firebase/r_gabehernandez_gmail.com_application_default_credentials.json"}}
[debug] [2021-04-03T23:54:48.022Z] >>> [apiv2][query] GET https://firebase.googleapis.com/v1beta1/projects/wellness-social/adminSdkConfig [none]
[debug] [2021-04-03T23:54:48.405Z] <<< [apiv2][status] GET https://firebase.googleapis.com/v1beta1/projects/wellness-social/adminSdkConfig 200
[debug] [2021-04-03T23:54:48.405Z] <<< [apiv2][body] GET https://firebase.googleapis.com/v1beta1/projects/wellness-social/adminSdkConfig {"projectId":"wellness-social","storageBucket":"wellness-social.appspot.com","locationId":"us-west3"}
[info] i  functions: Watching "/Users/royhernandez/projects/social-media-app/functions" for Cloud Functions... {"metadata":{"emulator":{"name":"functions"},"message":"Watching \"/Users/royhernandez/projects/social-media-app/functions\" for Cloud Functions..."}}
[debug] [2021-04-03T23:54:48.450Z] [worker-pool] addWorker(~diagnostic~) {"metadata":{"emulator":{"name":"functions"},"message":"[worker-pool] addWorker(~diagnostic~)"}}
[debug] [2021-04-03T23:54:48.451Z] [worker-pool] Adding worker with key ~diagnostic~, total=1 {"metadata":{"emulator":{"name":"functions"},"message":"[worker-pool] Adding worker with key ~diagnostic~, total=1"}}
[debug] [2021-04-03T23:54:48.451Z] [worker-pool] submitWork(triggerId=) {"metadata":{"emulator":{"name":"functions"},"message":"[worker-pool] submitWork(triggerId=)"}}
[debug] [2021-04-03T23:54:48.451Z] [worker-~diagnostic~-e0263676-ffda-43d7-b765-57a03ea03c62]: Assigning socketPath: /var/folders/9r/vmltlwkd153154qhpcs1b25h0000gn/T/fire_emu_16849.sock {"metadata":{"emulator":{"name":"functions"},"message":"[worker-~diagnostic~-e0263676-ffda-43d7-b765-57a03ea03c62]: Assigning socketPath: /var/folders/9r/vmltlwkd153154qhpcs1b25h0000gn/T/fire_emu_16849.sock"}}
[debug] [2021-04-03T23:54:48.452Z] [worker-~diagnostic~-e0263676-ffda-43d7-b765-57a03ea03c62]: BUSY {"metadata":{"emulator":{"name":"functions"},"message":"[worker-~diagnostic~-e0263676-ffda-43d7-b765-57a03ea03c62]: BUSY"}}
[debug] [2021-04-03T23:54:48.715Z] [runtime-status] [16849] Functions runtime initialized. {"cwd":"/Users/royhernandez/projects/social-media-app/functions","node_version":"15.12.0"} {"metadata":{"emulator":{"name":"functions"},"message":"[runtime-status] [16849] Functions runtime initialized. {\"cwd\":\"/Users/royhernandez/projects/social-media-app/functions\",\"node_version\":\"15.12.0\"}"}}
[debug] [2021-04-03T23:54:48.717Z] [runtime-status] [16849] Disabled runtime features: undefined {"metadata":{"emulator":{"name":"functions"},"message":"[runtime-status] [16849] Disabled runtime features: undefined"}}
[debug] [2021-04-03T23:54:48.723Z] [runtime-status] [16849] Resolved module firebase-admin {"declared":true,"installed":true,"version":"9.5.0","resolution":"/Users/royhernandez/projects/social-media-app/functions/node_modules/firebase-admin/lib/index.js"} {"metadata":{"emulator":{"name":"functions"},"message":"[runtime-status] [16849] Resolved module firebase-admin {\"declared\":true,\"installed\":true,\"version\":\"9.5.0\",\"resolution\":\"/Users/royhernandez/projects/social-media-app/functions/node_modules/firebase-admin/lib/index.js\"}"}}
[debug] [2021-04-03T23:54:48.727Z] [runtime-status] [16849] Resolved module firebase-functions {"declared":true,"installed":true,"version":"3.13.2","resolution":"/Users/royhernandez/projects/social-media-app/functions/node_modules/firebase-functions/lib/index.js"} {"metadata":{"emulator":{"name":"functions"},"message":"[runtime-status] [16849] Resolved module firebase-functions {\"declared\":true,\"installed\":true,\"version\":\"3.13.2\",\"resolution\":\"/Users/royhernandez/projects/social-media-app/functions/node_modules/firebase-functions/lib/index.js\"}"}}
[debug] [2021-04-03T23:54:48.736Z] [runtime-status] [16849] Resolved module firebase-functions {"declared":true,"installed":true,"version":"3.13.2","resolution":"/Users/royhernandez/projects/social-media-app/functions/node_modules/firebase-functions/lib/index.js"} {"metadata":{"emulator":{"name":"functions"},"message":"[runtime-status] [16849] Resolved module firebase-functions {\"declared\":true,\"installed\":true,\"version\":\"3.13.2\",\"resolution\":\"/Users/royhernandez/projects/social-media-app/functions/node_modules/firebase-functions/lib/index.js\"}"}}
[debug] [2021-04-03T23:54:48.739Z] [runtime-status] [16849] Outgoing network have been stubbed. [{"name":"http","status":"mocked"},{"name":"http","status":"mocked"},{"name":"https","status":"mocked"},{"name":"https","status":"mocked"},{"name":"net","status":"mocked"}] {"metadata":{"emulator":{"name":"functions"},"message":"[runtime-status] [16849] Outgoing network have been stubbed. [{\"name\":\"http\",\"status\":\"mocked\"},{\"name\":\"http\",\"status\":\"mocked\"},{\"name\":\"https\",\"status\":\"mocked\"},{\"name\":\"https\",\"status\":\"mocked\"},{\"name\":\"net\",\"status\":\"mocked\"}]"}}
[debug] [2021-04-03T23:54:48.740Z] [runtime-status] [16849] Resolved module firebase-functions {"declared":true,"installed":true,"version":"3.13.2","resolution":"/Users/royhernandez/projects/social-media-app/functions/node_modules/firebase-functions/lib/index.js"} {"metadata":{"emulator":{"name":"functions"},"message":"[runtime-status] [16849] Resolved module firebase-functions {\"declared\":true,\"installed\":true,\"version\":\"3.13.2\",\"resolution\":\"/Users/royhernandez/projects/social-media-app/functions/node_modules/firebase-functions/lib/index.js\"}"}}
[debug] [2021-04-03T23:54:48.853Z] [runtime-status] [16849] Checked functions.config() {"config":{}} {"metadata":{"emulator":{"name":"functions"},"message":"[runtime-status] [16849] Checked functions.config() {\"config\":{}}"}}
[debug] [2021-04-03T23:54:48.853Z] [runtime-status] [16849] firebase-functions has been stubbed. {"functionsResolution":{"declared":true,"installed":true,"version":"3.13.2","resolution":"/Users/royhernandez/projects/social-media-app/functions/node_modules/firebase-functions/lib/index.js"}} {"metadata":{"emulator":{"name":"functions"},"message":"[runtime-status] [16849] firebase-functions has been stubbed. {\"functionsResolution\":{\"declared\":true,\"installed\":true,\"version\":\"3.13.2\",\"resolution\":\"/Users/royhernandez/projects/social-media-app/functions/node_modules/firebase-functions/lib/index.js\"}}"}}
[debug] [2021-04-03T23:54:48.854Z] [runtime-status] [16849] Resolved module firebase-functions {"declared":true,"installed":true,"version":"3.13.2","resolution":"/Users/royhernandez/projects/social-media-app/functions/node_modules/firebase-functions/lib/index.js"} {"metadata":{"emulator":{"name":"functions"},"message":"[runtime-status] [16849] Resolved module firebase-functions {\"declared\":true,\"installed\":true,\"version\":\"3.13.2\",\"resolution\":\"/Users/royhernandez/projects/social-media-app/functions/node_modules/firebase-functions/lib/index.js\"}"}}
[debug] [2021-04-03T23:54:48.855Z] [runtime-status] [16849] Resolved module firebase-admin {"declared":true,"installed":true,"version":"9.5.0","resolution":"/Users/royhernandez/projects/social-media-app/functions/node_modules/firebase-admin/lib/index.js"} {"metadata":{"emulator":{"name":"functions"},"message":"[runtime-status] [16849] Resolved module firebase-admin {\"declared\":true,\"installed\":true,\"version\":\"9.5.0\",\"resolution\":\"/Users/royhernandez/projects/social-media-app/functions/node_modules/firebase-admin/lib/index.js\"}"}}
[debug] [2021-04-03T23:54:48.857Z] [runtime-status] [16849] Resolved module firebase-functions {"declared":true,"installed":true,"version":"3.13.2","resolution":"/Users/royhernandez/projects/social-media-app/functions/node_modules/firebase-functions/lib/index.js"} {"metadata":{"emulator":{"name":"functions"},"message":"[runtime-status] [16849] Resolved module firebase-functions {\"declared\":true,\"installed\":true,\"version\":\"3.13.2\",\"resolution\":\"/Users/royhernandez/projects/social-media-app/functions/node_modules/firebase-functions/lib/index.js\"}"}}
[debug] [2021-04-03T23:54:48.859Z] [runtime-status] [16849] firebase-admin has been stubbed. {"adminResolution":{"declared":true,"installed":true,"version":"9.5.0","resolution":"/Users/royhernandez/projects/social-media-app/functions/node_modules/firebase-admin/lib/index.js"}} {"metadata":{"emulator":{"name":"functions"},"message":"[runtime-status] [16849] firebase-admin has been stubbed. {\"adminResolution\":{\"declared\":true,\"installed\":true,\"version\":\"9.5.0\",\"resolution\":\"/Users/royhernandez/projects/social-media-app/functions/node_modules/firebase-admin/lib/index.js\"}}"}}
[debug] [2021-04-03T23:54:48.865Z] [runtime-status] [16849] initializeApp(DEFAULT) {"storageBucket":"wellness-social.appspot.com","projectId":"wellness-social"} {"metadata":{"emulator":{"name":"functions"},"message":"[runtime-status] [16849] initializeApp(DEFAULT) {\"storageBucket\":\"wellness-social.appspot.com\",\"projectId\":\"wellness-social\"}"}}
[warn] ⚠  functions: The Cloud Firestore emulator is not running, so calls to Firestore will affect production. {"metadata":{"emulator":{"name":"functions"},"message":"The Cloud Firestore emulator is not running, so calls to Firestore will affect production."}}
[info] ✔  functions[api]: http function initialized (http://localhost:5000/wellness-social/us-central1/api). {"metadata":{"emulator":{"name":"functions"},"message":"\u001b[1mhttp\u001b[22m function initialized (http://localhost:5000/wellness-social/us-central1/api)."}}
[info] i  functions[createNotificationOnLike]: function ignored because the firestore emulator does not exist or is not running. {"metadata":{"emulator":{"name":"functions"},"message":"function ignored because the firestore emulator does not exist or is not running."}}
[info] i  functions[deleteNotificationOnUnlike]: function ignored because the firestore emulator does not exist or is not running. {"metadata":{"emulator":{"name":"functions"},"message":"function ignored because the firestore emulator does not exist or is not running."}}
[info] i  functions[createNotificationOnComment]: function ignored because the firestore emulator does not exist or is not running. {"metadata":{"emulator":{"name":"functions"},"message":"function ignored because the firestore emulator does not exist or is not running."}}
[debug] [2021-04-03T23:54:50.087Z] [worker-~diagnostic~-e0263676-ffda-43d7-b765-57a03ea03c62]: IDLE {"metadata":{"emulator":{"name":"functions"},"message":"[worker-~diagnostic~-e0263676-ffda-43d7-b765-57a03ea03c62]: IDLE"}}
[debug] [2021-04-04T02:21:55.611Z] ----------------------------------------------------------------------
[debug] [2021-04-04T02:21:55.613Z] Command:       /usr/local/bin/node /usr/local/bin/firebase serve
[debug] [2021-04-04T02:21:55.614Z] CLI Version:   9.3.0
[debug] [2021-04-04T02:21:55.614Z] Platform:      darwin
[debug] [2021-04-04T02:21:55.614Z] Node Version:  v15.12.0
[debug] [2021-04-04T02:21:55.616Z] Time:          Sat Apr 03 2021 19:21:55 GMT-0700 (Pacific Daylight Time)
[debug] [2021-04-04T02:21:55.616Z] ----------------------------------------------------------------------
[debug] [2021-04-04T02:21:55.616Z] 
[debug] [2021-04-04T02:21:55.631Z] > command requires scopes: ["email","openid","https://www.googleapis.com/auth/cloudplatformprojects.readonly","https://www.googleapis.com/auth/firebase","https://www.googleapis.com/auth/cloud-platform"]
[debug] [2021-04-04T02:21:55.632Z] > authorizing via signed-in user
[debug] [2021-04-04T02:21:55.633Z] [iam] checking project wellness-social for permissions ["firebase.projects.get"]
[debug] [2021-04-04T02:21:55.636Z] > refreshing access token with scopes: ["email","https://www.googleapis.com/auth/cloud-platform","https://www.googleapis.com/auth/cloudplatformprojects.readonly","https://www.googleapis.com/auth/firebase","openid"]
[debug] [2021-04-04T02:21:55.637Z] >>> HTTP REQUEST POST https://www.googleapis.com/oauth2/v3/token  
 <request body omitted>
[debug] [2021-04-04T02:21:55.828Z] <<< HTTP RESPONSE 200 {"pragma":"no-cache","expires":"Mon, 01 Jan 1990 00:00:00 GMT","date":"Sun, 04 Apr 2021 02:21:44 GMT","cache-control":"no-cache, no-store, max-age=0, must-revalidate","content-type":"application/json; charset=utf-8","vary":"X-Origin, Referer, Origin,Accept-Encoding","server":"scaffolding on HTTPServer2","x-xss-protection":"0","x-frame-options":"SAMEORIGIN","x-content-type-options":"nosniff","alt-svc":"h3-29=\":443\"; ma=2592000,h3-T051=\":443\"; ma=2592000,h3-Q050=\":443\"; ma=2592000,h3-Q046=\":443\"; ma=2592000,h3-Q043=\":443\"; ma=2592000,quic=\":443\"; ma=2592000; v=\"46,43\"","accept-ranges":"none","transfer-encoding":"chunked"}
[debug] [2021-04-04T02:21:55.851Z] >>> HTTP REQUEST POST https://cloudresourcemanager.googleapis.com/v1/projects/wellness-social:testIamPermissions  
 {"permissions":["firebase.projects.get"]}
[debug] [2021-04-04T02:21:56.059Z] <<< HTTP RESPONSE 200 {"content-type":"application/json; charset=UTF-8","vary":"X-Origin, Referer, Origin,Accept-Encoding","date":"Sun, 04 Apr 2021 02:21:44 GMT","server":"ESF","cache-control":"private","x-xss-protection":"0","x-frame-options":"SAMEORIGIN","x-content-type-options":"nosniff","server-timing":"gfet4t7; dur=56","alt-svc":"h3-29=\":443\"; ma=2592000,h3-T051=\":443\"; ma=2592000,h3-Q050=\":443\"; ma=2592000,h3-Q046=\":443\"; ma=2592000,h3-Q043=\":443\"; ma=2592000,quic=\":443\"; ma=2592000; v=\"46,43\"","accept-ranges":"none","transfer-encoding":"chunked"}
[debug] [2021-04-04T02:21:56.062Z] > refreshing access token with scopes: []
[debug] [2021-04-04T02:21:56.063Z] >>> HTTP REQUEST POST https://www.googleapis.com/oauth2/v3/token  
 <request body omitted>
[debug] [2021-04-04T02:21:56.226Z] <<< HTTP RESPONSE 200 {"expires":"Mon, 01 Jan 1990 00:00:00 GMT","cache-control":"no-cache, no-store, max-age=0, must-revalidate","pragma":"no-cache","date":"Sun, 04 Apr 2021 02:21:44 GMT","content-type":"application/json; charset=utf-8","vary":"X-Origin, Referer, Origin,Accept-Encoding","server":"scaffolding on HTTPServer2","x-xss-protection":"0","x-frame-options":"SAMEORIGIN","x-content-type-options":"nosniff","alt-svc":"h3-29=\":443\"; ma=2592000,h3-T051=\":443\"; ma=2592000,h3-Q050=\":443\"; ma=2592000,h3-Q046=\":443\"; ma=2592000,h3-Q043=\":443\"; ma=2592000,quic=\":443\"; ma=2592000; v=\"46,43\"","accept-ranges":"none","transfer-encoding":"chunked"}
[debug] [2021-04-04T02:21:56.246Z] >>> [apiv2][query] GET https://firebase.googleapis.com/v1beta1/projects/wellness-social [none]
[debug] [2021-04-04T02:21:56.487Z] <<< [apiv2][status] GET https://firebase.googleapis.com/v1beta1/projects/wellness-social 200
[debug] [2021-04-04T02:21:56.487Z] <<< [apiv2][body] GET https://firebase.googleapis.com/v1beta1/projects/wellness-social {"projectId":"wellness-social","projectNumber":"254592400660","displayName":"wellness-social","name":"projects/wellness-social","resources":{"hostingSite":"wellness-social","storageBucket":"wellness-social.appspot.com","locationId":"us-west3"},"state":"ACTIVE"}
[info] 
[info] === Serving from '/Users/royhernandez/projects/social-media-app'...
[info] 
[warn] ⚠  Your requested "node" version "12" doesn't match your global version "15" {"metadata":{"emulator":{"name":"functions"},"message":"Your requested \"node\" version \"12\" doesn't match your global version \"15\""}}
[debug] [2021-04-04T02:21:56.510Z] defaultcredentials: writing to file /Users/royhernandez/.config/firebase/r_gabehernandez_gmail.com_application_default_credentials.json
[debug] [2021-04-04T02:21:56.515Z] Setting GAC to /Users/royhernandez/.config/firebase/r_gabehernandez_gmail.com_application_default_credentials.json {"metadata":{"emulator":{"name":"functions"},"message":"Setting GAC to /Users/royhernandez/.config/firebase/r_gabehernandez_gmail.com_application_default_credentials.json"}}
[debug] [2021-04-04T02:21:56.516Z] >>> [apiv2][query] GET https://firebase.googleapis.com/v1beta1/projects/wellness-social/adminSdkConfig [none]
[debug] [2021-04-04T02:21:56.849Z] <<< [apiv2][status] GET https://firebase.googleapis.com/v1beta1/projects/wellness-social/adminSdkConfig 200
[debug] [2021-04-04T02:21:56.849Z] <<< [apiv2][body] GET https://firebase.googleapis.com/v1beta1/projects/wellness-social/adminSdkConfig {"projectId":"wellness-social","storageBucket":"wellness-social.appspot.com","locationId":"us-west3"}
[info] i  functions: Watching "/Users/royhernandez/projects/social-media-app/functions" for Cloud Functions... {"metadata":{"emulator":{"name":"functions"},"message":"Watching \"/Users/royhernandez/projects/social-media-app/functions\" for Cloud Functions..."}}
[debug] [2021-04-04T02:21:57.152Z] [worker-pool] addWorker(~diagnostic~) {"metadata":{"emulator":{"name":"functions"},"message":"[worker-pool] addWorker(~diagnostic~)"}}
[debug] [2021-04-04T02:21:57.152Z] [worker-pool] Adding worker with key ~diagnostic~, total=1 {"metadata":{"emulator":{"name":"functions"},"message":"[worker-pool] Adding worker with key ~diagnostic~, total=1"}}
[debug] [2021-04-04T02:21:57.152Z] [worker-pool] submitWork(triggerId=) {"metadata":{"emulator":{"name":"functions"},"message":"[worker-pool] submitWork(triggerId=)"}}
[debug] [2021-04-04T02:21:57.153Z] [worker-~diagnostic~-d2b9d77b-67a7-4316-be68-d61dea12e6fa]: Assigning socketPath: /var/folders/9r/vmltlwkd153154qhpcs1b25h0000gn/T/fire_emu_18372.sock {"metadata":{"emulator":{"name":"functions"},"message":"[worker-~diagnostic~-d2b9d77b-67a7-4316-be68-d61dea12e6fa]: Assigning socketPath: /var/folders/9r/vmltlwkd153154qhpcs1b25h0000gn/T/fire_emu_18372.sock"}}
[debug] [2021-04-04T02:21:57.154Z] [worker-~diagnostic~-d2b9d77b-67a7-4316-be68-d61dea12e6fa]: BUSY {"metadata":{"emulator":{"name":"functions"},"message":"[worker-~diagnostic~-d2b9d77b-67a7-4316-be68-d61dea12e6fa]: BUSY"}}
[debug] [2021-04-04T02:21:57.390Z] [runtime-status] [18372] Functions runtime initialized. {"cwd":"/Users/royhernandez/projects/social-media-app/functions","node_version":"15.12.0"} {"metadata":{"emulator":{"name":"functions"},"message":"[runtime-status] [18372] Functions runtime initialized. {\"cwd\":\"/Users/royhernandez/projects/social-media-app/functions\",\"node_version\":\"15.12.0\"}"}}
[debug] [2021-04-04T02:21:57.392Z] [runtime-status] [18372] Disabled runtime features: undefined {"metadata":{"emulator":{"name":"functions"},"message":"[runtime-status] [18372] Disabled runtime features: undefined"}}
[debug] [2021-04-04T02:21:57.398Z] [runtime-status] [18372] Resolved module firebase-admin {"declared":true,"installed":true,"version":"9.5.0","resolution":"/Users/royhernandez/projects/social-media-app/functions/node_modules/firebase-admin/lib/index.js"} {"metadata":{"emulator":{"name":"functions"},"message":"[runtime-status] [18372] Resolved module firebase-admin {\"declared\":true,\"installed\":true,\"version\":\"9.5.0\",\"resolution\":\"/Users/royhernandez/projects/social-media-app/functions/node_modules/firebase-admin/lib/index.js\"}"}}
[debug] [2021-04-04T02:21:57.404Z] [runtime-status] [18372] Resolved module firebase-functions {"declared":true,"installed":true,"version":"3.13.2","resolution":"/Users/royhernandez/projects/social-media-app/functions/node_modules/firebase-functions/lib/index.js"} {"metadata":{"emulator":{"name":"functions"},"message":"[runtime-status] [18372] Resolved module firebase-functions {\"declared\":true,\"installed\":true,\"version\":\"3.13.2\",\"resolution\":\"/Users/royhernandez/projects/social-media-app/functions/node_modules/firebase-functions/lib/index.js\"}"}}
[debug] [2021-04-04T02:21:57.406Z] [runtime-status] [18372] Resolved module firebase-functions {"declared":true,"installed":true,"version":"3.13.2","resolution":"/Users/royhernandez/projects/social-media-app/functions/node_modules/firebase-functions/lib/index.js"} {"metadata":{"emulator":{"name":"functions"},"message":"[runtime-status] [18372] Resolved module firebase-functions {\"declared\":true,\"installed\":true,\"version\":\"3.13.2\",\"resolution\":\"/Users/royhernandez/projects/social-media-app/functions/node_modules/firebase-functions/lib/index.js\"}"}}
[debug] [2021-04-04T02:21:57.410Z] [runtime-status] [18372] Outgoing network have been stubbed. [{"name":"http","status":"mocked"},{"name":"http","status":"mocked"},{"name":"https","status":"mocked"},{"name":"https","status":"mocked"},{"name":"net","status":"mocked"}] {"metadata":{"emulator":{"name":"functions"},"message":"[runtime-status] [18372] Outgoing network have been stubbed. [{\"name\":\"http\",\"status\":\"mocked\"},{\"name\":\"http\",\"status\":\"mocked\"},{\"name\":\"https\",\"status\":\"mocked\"},{\"name\":\"https\",\"status\":\"mocked\"},{\"name\":\"net\",\"status\":\"mocked\"}]"}}
[debug] [2021-04-04T02:21:57.412Z] [runtime-status] [18372] Resolved module firebase-functions {"declared":true,"installed":true,"version":"3.13.2","resolution":"/Users/royhernandez/projects/social-media-app/functions/node_modules/firebase-functions/lib/index.js"} {"metadata":{"emulator":{"name":"functions"},"message":"[runtime-status] [18372] Resolved module firebase-functions {\"declared\":true,\"installed\":true,\"version\":\"3.13.2\",\"resolution\":\"/Users/royhernandez/projects/social-media-app/functions/node_modules/firebase-functions/lib/index.js\"}"}}
[debug] [2021-04-04T02:21:57.537Z] [runtime-status] [18372] Checked functions.config() {"config":{}} {"metadata":{"emulator":{"name":"functions"},"message":"[runtime-status] [18372] Checked functions.config() {\"config\":{}}"}}
[debug] [2021-04-04T02:21:57.538Z] [runtime-status] [18372] firebase-functions has been stubbed. {"functionsResolution":{"declared":true,"installed":true,"version":"3.13.2","resolution":"/Users/royhernandez/projects/social-media-app/functions/node_modules/firebase-functions/lib/index.js"}} {"metadata":{"emulator":{"name":"functions"},"message":"[runtime-status] [18372] firebase-functions has been stubbed. {\"functionsResolution\":{\"declared\":true,\"installed\":true,\"version\":\"3.13.2\",\"resolution\":\"/Users/royhernandez/projects/social-media-app/functions/node_modules/firebase-functions/lib/index.js\"}}"}}
[debug] [2021-04-04T02:21:57.538Z] [runtime-status] [18372] Resolved module firebase-functions {"declared":true,"installed":true,"version":"3.13.2","resolution":"/Users/royhernandez/projects/social-media-app/functions/node_modules/firebase-functions/lib/index.js"} {"metadata":{"emulator":{"name":"functions"},"message":"[runtime-status] [18372] Resolved module firebase-functions {\"declared\":true,\"installed\":true,\"version\":\"3.13.2\",\"resolution\":\"/Users/royhernandez/projects/social-media-app/functions/node_modules/firebase-functions/lib/index.js\"}"}}
[debug] [2021-04-04T02:21:57.540Z] [runtime-status] [18372] Resolved module firebase-admin {"declared":true,"installed":true,"version":"9.5.0","resolution":"/Users/royhernandez/projects/social-media-app/functions/node_modules/firebase-admin/lib/index.js"} {"metadata":{"emulator":{"name":"functions"},"message":"[runtime-status] [18372] Resolved module firebase-admin {\"declared\":true,\"installed\":true,\"version\":\"9.5.0\",\"resolution\":\"/Users/royhernandez/projects/social-media-app/functions/node_modules/firebase-admin/lib/index.js\"}"}}
[debug] [2021-04-04T02:21:57.541Z] [runtime-status] [18372] Resolved module firebase-functions {"declared":true,"installed":true,"version":"3.13.2","resolution":"/Users/royhernandez/projects/social-media-app/functions/node_modules/firebase-functions/lib/index.js"} {"metadata":{"emulator":{"name":"functions"},"message":"[runtime-status] [18372] Resolved module firebase-functions {\"declared\":true,\"installed\":true,\"version\":\"3.13.2\",\"resolution\":\"/Users/royhernandez/projects/social-media-app/functions/node_modules/firebase-functions/lib/index.js\"}"}}
[debug] [2021-04-04T02:21:57.541Z] [runtime-status] [18372] firebase-admin has been stubbed. {"adminResolution":{"declared":true,"installed":true,"version":"9.5.0","resolution":"/Users/royhernandez/projects/social-media-app/functions/node_modules/firebase-admin/lib/index.js"}} {"metadata":{"emulator":{"name":"functions"},"message":"[runtime-status] [18372] firebase-admin has been stubbed. {\"adminResolution\":{\"declared\":true,\"installed\":true,\"version\":\"9.5.0\",\"resolution\":\"/Users/royhernandez/projects/social-media-app/functions/node_modules/firebase-admin/lib/index.js\"}}"}}
[debug] [2021-04-04T02:21:57.549Z] [runtime-status] [18372] initializeApp(DEFAULT) {"storageBucket":"wellness-social.appspot.com","projectId":"wellness-social"} {"metadata":{"emulator":{"name":"functions"},"message":"[runtime-status] [18372] initializeApp(DEFAULT) {\"storageBucket\":\"wellness-social.appspot.com\",\"projectId\":\"wellness-social\"}"}}
[warn] ⚠  functions: The Cloud Firestore emulator is not running, so calls to Firestore will affect production. {"metadata":{"emulator":{"name":"functions"},"message":"The Cloud Firestore emulator is not running, so calls to Firestore will affect production."}}
[info] ✔  functions[api]: http function initialized (http://localhost:5000/wellness-social/us-central1/api). {"metadata":{"emulator":{"name":"functions"},"message":"\u001b[1mhttp\u001b[22m function initialized (http://localhost:5000/wellness-social/us-central1/api)."}}
[info] i  functions[createNotificationOnLike]: function ignored because the firestore emulator does not exist or is not running. {"metadata":{"emulator":{"name":"functions"},"message":"function ignored because the firestore emulator does not exist or is not running."}}
[info] i  functions[deleteNotificationOnUnlike]: function ignored because the firestore emulator does not exist or is not running. {"metadata":{"emulator":{"name":"functions"},"message":"function ignored because the firestore emulator does not exist or is not running."}}
[info] i  functions[createNotificationOnComment]: function ignored because the firestore emulator does not exist or is not running. {"metadata":{"emulator":{"name":"functions"},"message":"function ignored because the firestore emulator does not exist or is not running."}}
[debug] [2021-04-04T02:21:59.060Z] [worker-~diagnostic~-d2b9d77b-67a7-4316-be68-d61dea12e6fa]: IDLE {"metadata":{"emulator":{"name":"functions"},"message":"[worker-~diagnostic~-d2b9d77b-67a7-4316-be68-d61dea12e6fa]: IDLE"}}
